main(49) -> ~~~~~~~~~~~~~~~~~~~~~~~~~~~~~~~~~~~~~~~~~~~~~~~~~~~~~~~~~~~
main(50) -> i: 0 , num_comps: 4
get_component(50) -> 	Component: 0 size: 3
get_component(52) -> 		Edge: (0,1)
get_component(52) -> 		Edge: (1,2)
get_component(52) -> 		Edge: (0,2)
component_delta_coloring(50) -> num_vertices:  3
component_delta_coloring(52) -> component_delta_coloring - component smaller than or equal 3
greedy_coloring(51) -> colors:  3
main(49) -> ~~~~~~~~~~~~~~~~~~~~~~~~~~~~~~~~~~~~~~~~~~~~~~~~~~~~~~~~~~~
main(50) -> i: 1 , num_comps: 4
get_component(50) -> 	Component: 1 size: 2
get_component(52) -> 		Edge: (0,1)
component_delta_coloring(50) -> num_vertices:  2
component_delta_coloring(52) -> component_delta_coloring - component smaller than or equal 3
greedy_coloring(51) -> colors:  2
main(49) -> ~~~~~~~~~~~~~~~~~~~~~~~~~~~~~~~~~~~~~~~~~~~~~~~~~~~~~~~~~~~
main(50) -> i: 2 , num_comps: 4
get_component(50) -> 	Component: 2 size: 4
get_component(52) -> 		Edge: (0,1)
get_component(52) -> 		Edge: (0,2)
get_component(52) -> 		Edge: (1,3)
get_component(52) -> 		Edge: (3,2)
component_delta_coloring(50) -> num_vertices:  4
[1 a.] UWV tuple: [0, 1, 3]
component_delta_coloring(65) -> [1 b.] Distances to W:
component_delta_coloring(70) -> 	distance( 0 ) =  2147483647
component_delta_coloring(70) -> 	distance( 1 ) =  0
component_delta_coloring(70) -> 	distance( 2 ) =  2147483647
component_delta_coloring(70) -> 	distance( 3 ) =  2147483646
component_delta_coloring(77) -> [1 c.] Coloring order:
component_delta_coloring(80) -> 	distance( 0 ) =  2147483647
component_delta_coloring(80) -> 	distance( 2 ) =  2147483647
component_delta_coloring(80) -> 	distance( 3 ) =  2147483646
component_delta_coloring(80) -> 	distance( 1 ) =  0
component_delta_coloring(88) -> [1 d.] Colors used:  2
component_delta_coloring(90) -> 	Vertex [ 0 ], color:  0 , distance:  2147483647
component_delta_coloring(90) -> 	Vertex [ 1 ], color:  1 , distance:  0
component_delta_coloring(90) -> 	Vertex [ 2 ], color:  1 , distance:  2147483647
component_delta_coloring(90) -> 	Vertex [ 3 ], color:  0 , distance:  2147483646
main(49) -> ~~~~~~~~~~~~~~~~~~~~~~~~~~~~~~~~~~~~~~~~~~~~~~~~~~~~~~~~~~~
main(50) -> i: 3 , num_comps: 4
get_component(50) -> 	Component: 3 size: 3
get_component(52) -> 		Edge: (0,1)
get_component(52) -> 		Edge: (1,2)
get_component(52) -> 		Edge: (2,0)
component_delta_coloring(50) -> num_vertices:  3
component_delta_coloring(52) -> component_delta_coloring - component smaller than or equal 3
greedy_coloring(51) -> colors:  3
merge_components(7) -> merging
delta_g(16) -> vertex v = 0  degree = 2
delta_g(16) -> vertex v = 1  degree = 2
delta_g(16) -> vertex v = 2  degree = 4
delta_g(16) -> vertex v = 3  degree = 2
delta_g(16) -> vertex v = 4  degree = 2
delta_g(16) -> vertex v = 5  degree = 3
delta_g(16) -> vertex v = 6  degree = 3
delta_g(16) -> vertex v = 7  degree = 2
delta_g(16) -> vertex v = 8  degree = 2
delta_g(20) -> max degree:  4
